<?xml version="1.0" encoding="UTF-8"?>
<!-- Generated by org.testng.reporters.JUnitReportReporter -->
<testsuite hostname="DESKTOP-A0FM8PR" failures="0" tests="1" name="org.test.TC01_BooksWagonClass" time="6.456" errors="0" timestamp="2025-02-05T19:07:43 IST" skipped="0">
  <testcase classname="org.test.TC01_BooksWagonClass" name="clickBuyNow" time="6.456"/>
  <system-out/>
</testsuite> <!-- org.test.TC01_BooksWagonClass -->
